Log file open, 11/19/19 17:02:32
LogWindows: Failed to load 'aqProf.dll' (GetLastError=126)
LogWindows: File 'aqProf.dll' does not exist
LogWindows: Failed to load 'VtuneApi.dll' (GetLastError=126)
LogWindows: File 'VtuneApi.dll' does not exist
LogWindows: Failed to load 'VtuneApi32e.dll' (GetLastError=126)
LogWindows: File 'VtuneApi32e.dll' does not exist
LogConsoleResponse: Display: Failed to find resolution value strings in scalability ini. Falling back to default.
LogInit: Display: Running engine for game: BananaCollector
LogPakFile: Registered encryption key '00000000000000000000000000000000': 0 pak files mounted, 0 remain pending
LogPlatformFile: Not using cached read wrapper
LogTaskGraph: Started task graph with 5 named threads and 14 total threads with 3 sets of task threads.
LogStats: Stats thread started at 0.295156
LogD3D11RHI: Loaded GFSDK_Aftermath_Lib.x64.dll
LogICUInternationalization: ICU TimeZone Detection - Raw Offset: +0:00, Platform Override: ''
LogPluginManager: Mounting plugin Paper2D
LogPluginManager: Mounting plugin AISupport
LogPluginManager: Mounting plugin LightPropagationVolume
LogPluginManager: Mounting plugin ActorLayerUtilities
LogPluginManager: Mounting plugin AnimationSharing
LogPluginManager: Mounting plugin CLionSourceCodeAccess
LogPluginManager: Mounting plugin CodeLiteSourceCodeAccess
LogPluginManager: Mounting plugin GitSourceControl
LogPluginManager: Mounting plugin KDevelopSourceCodeAccess
LogPluginManager: Mounting plugin NullSourceCodeAccess
LogPluginManager: Mounting plugin PerforceSourceControl
LogPluginManager: Mounting plugin SubversionSourceControl
LogPluginManager: Mounting plugin UObjectPlugin
LogPluginManager: Mounting plugin VisualStudioCodeSourceCodeAccess
LogPluginManager: Mounting plugin VisualStudioSourceCodeAccess
LogPluginManager: Mounting plugin XCodeSourceCodeAccess
LogPluginManager: Mounting plugin AssetManagerEditor
LogPluginManager: Mounting plugin CryptoKeys
LogPluginManager: Mounting plugin DataValidation
LogPluginManager: Mounting plugin FacialAnimation
LogPluginManager: Mounting plugin GameplayTagsEditor
LogPluginManager: Mounting plugin MacGraphicsSwitching
LogPluginManager: Mounting plugin MaterialAnalyzer
LogPluginManager: Mounting plugin MobileLauncherProfileWizard
LogPluginManager: Mounting plugin PluginBrowser
LogPluginManager: Mounting plugin SpeedTreeImporter
LogPluginManager: Mounting plugin DatasmithContent
LogPluginManager: Mounting plugin VariantManagerContent
LogPluginManager: Mounting plugin AlembicImporter
LogPluginManager: Mounting plugin AppleImageUtils
LogPluginManager: Mounting plugin AppleVision
LogPluginManager: Mounting plugin BackChannel
LogPluginManager: Mounting plugin CharacterAI
LogPluginManager: Mounting plugin GeometryCache
LogPluginManager: Mounting plugin HTML5Networking
LogPluginManager: Mounting plugin ProxyLODPlugin
LogPluginManager: Mounting plugin SkeletalReduction
LogPluginManager: Mounting plugin MagicLeap
LogPluginManager: Mounting plugin MagicLeapMedia
LogPluginManager: Mounting plugin AndroidMedia
LogPluginManager: Mounting plugin AvfMedia
LogPluginManager: Mounting plugin ImgMedia
LogPluginManager: Mounting plugin LinearTimecode
LogPluginManager: Mounting plugin MediaCompositing
LogPluginManager: Mounting plugin MediaPlayerEditor
LogPluginManager: Mounting plugin WebMMedia
LogPluginManager: Mounting plugin WmfMedia
LogPluginManager: Mounting plugin TcpMessaging
LogPluginManager: Mounting plugin UdpMessaging
LogPluginManager: Mounting plugin ActorSequence
LogPluginManager: Mounting plugin LevelSequenceEditor
LogPluginManager: Mounting plugin MatineeToLevelSequence
LogPluginManager: Mounting plugin NetcodeUnitTest
LogPluginManager: Mounting plugin NUTUnrealEngine4
LogPluginManager: Mounting plugin OnlineSubsystemGooglePlay
LogPluginManager: Mounting plugin OnlineSubsystemIOS
LogPluginManager: Mounting plugin OnlineSubsystem
LogPluginManager: Mounting plugin OnlineSubsystemNull
LogPluginManager: Mounting plugin OnlineSubsystemUtils
LogPluginManager: Mounting plugin LauncherChunkInstaller
LogPluginManager: Mounting plugin AndroidDeviceProfileSelector
LogPluginManager: Mounting plugin AndroidMoviePlayer
LogPluginManager: Mounting plugin AndroidPermission
LogPluginManager: Mounting plugin AppleMoviePlayer
LogPluginManager: Mounting plugin ArchVisCharacter
LogPluginManager: Mounting plugin AudioCapture
LogPluginManager: Mounting plugin CableComponent
LogPluginManager: Mounting plugin CustomMeshComponent
LogPluginManager: Mounting plugin EditableMesh
LogPluginManager: Mounting plugin ExampleDeviceProfileSelector
LogPluginManager: Mounting plugin Firebase
LogPluginManager: Mounting plugin GoogleCloudMessaging
LogPluginManager: Mounting plugin IOSDeviceProfileSelector
LogPluginManager: Mounting plugin LinuxDeviceProfileSelector
LogPluginManager: Mounting plugin LocationServicesBPLibrary
LogPluginManager: Mounting plugin MobilePatchingUtils
LogPluginManager: Mounting plugin OculusVR
LogPluginManager: Mounting plugin PhysXVehicles
LogPluginManager: Mounting plugin ProceduralMeshComponent
LogPluginManager: Mounting plugin RuntimePhysXCooking
LogPluginManager: Mounting plugin SignificanceManager
LogPluginManager: Mounting plugin SteamVR
LogPluginManager: Mounting plugin WebMMoviePlayer
LogPluginManager: Mounting plugin WindowsMoviePlayer
LogInit: Using libcurl 7.55.1-DEV
LogInit:  - built for x86_64-pc-win32
LogInit:  - supports SSL with OpenSSL/1.1.1
LogInit:  - supports HTTP deflate (compression) using libz 1.2.8
LogInit:  - other features:
LogInit:      CURL_VERSION_SSL
LogInit:      CURL_VERSION_LIBZ
LogInit:      CURL_VERSION_IPV6
LogInit:      CURL_VERSION_ASYNCHDNS
LogInit:      CURL_VERSION_LARGEFILE
LogInit:      CURL_VERSION_IDN
LogInit:  CurlRequestOptions (configurable via config and command line):
LogInit:  - bVerifyPeer = true  - Libcurl will verify peer certificate
LogInit:  - bUseHttpProxy = false  - Libcurl will NOT use HTTP proxy
LogInit:  - bDontReuseConnections = false  - Libcurl will reuse connections
LogInit:  - MaxHostConnections = 16  - Libcurl will limit the number of connections to a host
LogInit:  - LocalHostAddr = Default
LogInit:  - BufferSize = 65536
LogInit: WinSock: version 1.1 (2.2), MaxSocks=32767, MaxUdp=65467
LogInit: Build: ++UE4+Release-4.22-CL-7053642
LogInit: Engine Version: 4.22.3-7053642+++UE4+Release-4.22
LogInit: Compatible Engine Version: 4.22.0-5660361+++UE4+Release-4.22
LogInit: Net CL: 5660361
LogInit: OS: Windows 10 (Release 1809) (), CPU: Intel(R) Core(TM) i5-7400 CPU @ 3.00GHz, GPU: NVIDIA GeForce GTX 1050 Ti
LogInit: Compiled (64-bit): Jun 18 2019 03:09:11
LogInit: Compiled with Visual C++: 19.16.27025.01
LogInit: Build Configuration: Development
LogInit: Branch Name: ++UE4+Release-4.22
LogInit: Command Line: 
LogInit: Base Directory: C:/Program Files/Epic Games/UE_4.22/Engine/Binaries/Win64/
LogInit: Installed Engine Build: 1
LogDevObjectVersion: Number of dev versions registered: 23
LogDevObjectVersion:   Dev-Blueprints (B0D832E4-1F89-4F0D-ACCF-7EB736FD4AA2): 10
LogDevObjectVersion:   Dev-Build (E1C64328-A22C-4D53-A36C-8E866417BD8C): 0
LogDevObjectVersion:   Dev-Core (375EC13C-06E4-48FB-B500-84F0262A717E): 3
LogDevObjectVersion:   Dev-Editor (E4B068ED-F494-42E9-A231-DA0B2E46BB41): 30
LogDevObjectVersion:   Dev-Framework (CFFC743F-43B0-4480-9391-14DF171D2073): 35
LogDevObjectVersion:   Dev-Mobile (B02B49B5-BB20-44E9-A304-32B752E40360): 2
LogDevObjectVersion:   Dev-Networking (A4E4105C-59A1-49B5-A7C5-40C4547EDFEE): 0
LogDevObjectVersion:   Dev-Online (39C831C9-5AE6-47DC-9A44-9C173E1C8E7C): 0
LogDevObjectVersion:   Dev-Physics (78F01B33-EBEA-4F98-B9B4-84EACCB95AA2): 0
LogDevObjectVersion:   Dev-Platform (6631380F-2D4D-43E0-8009-CF276956A95A): 0
LogDevObjectVersion:   Dev-Rendering (12F88B9F-8875-4AFC-A67C-D90C383ABD29): 28
LogDevObjectVersion:   Dev-Sequencer (7B5AE74C-D270-4C10-A958-57980B212A5A): 11
LogDevObjectVersion:   Dev-VR (D7296918-1DD6-4BDD-9DE2-64A83CC13884): 2
LogDevObjectVersion:   Dev-LoadTimes (C2A15278-BFE7-4AFE-6C17-90FF531DF755): 1
LogDevObjectVersion:   Private-Geometry (6EACA3D4-40EC-4CC1-B786-8BED09428FC5): 3
LogDevObjectVersion:   Dev-AnimPhys (29E575DD-E0A3-4627-9D10-D276232CDCEA): 17
LogDevObjectVersion:   Dev-Anim (AF43A65D-7FD3-4947-9873-3E8ED9C1BB05): 2
LogDevObjectVersion:   Dev-ReflectionCapture (6B266CEC-1EC7-4B8F-A30B-E4D90942FC07): 1
LogDevObjectVersion:   Dev-Automation (0DF73D61-A23F-47EA-B727-89E90C41499A): 1
LogDevObjectVersion:   FortniteMain (601D1886-AC64-4F84-AA16-D3DE0DEAC7D6): 25
LogDevObjectVersion:   Dev-Enterprise (9DFFBCD6-494F-0158-E221-12823C92A888): 6
LogDevObjectVersion:   Dev-Niagara (F2AED0AC-9AFE-416F-8664-AA7FFA26D6FC): 1
LogDevObjectVersion:   Dev-Destruction (174F1F0B-B4C6-45A5-B13F-2EE8D0FB917D): 2
LogInit: Presizing for max 16777216 objects, including 0 objects not considered by GC, pre-allocating 0 bytes for permanent pool.
LogInit: Object subsystem initialized
LogConfig: Setting CVar [[con.DebugEarlyDefault:1]]
LogConfig: Setting CVar [[r.setres:1280x720]]
[2019.11.19-17.02.33:222][  0]LogConfig: Setting CVar [[r.VSync:0]]
[2019.11.19-17.02.33:222][  0]LogConfig: Setting CVar [[r.RHICmdBypass:0]]
[2019.11.19-17.02.33:222][  0]LogConfig: Applying CVar settings from Section [/Script/Engine.RendererSettings] File [D:/comp280-worksheet-3/BananaCollectorStarter/BananaCollectorStarter 4.22/Saved/Config/Windows/Engine.ini]
[2019.11.19-17.02.33:222][  0]LogConfig: Setting CVar [[r.GPUCrashDebugging:0]]
[2019.11.19-17.02.33:222][  0]LogConfig: Applying CVar settings from Section [/Script/Engine.RendererOverrideSettings] File [D:/comp280-worksheet-3/BananaCollectorStarter/BananaCollectorStarter 4.22/Saved/Config/Windows/Engine.ini]
[2019.11.19-17.02.33:222][  0]LogConfig: Applying CVar settings from Section [/Script/Engine.StreamingSettings] File [D:/comp280-worksheet-3/BananaCollectorStarter/BananaCollectorStarter 4.22/Saved/Config/Windows/Engine.ini]
[2019.11.19-17.02.33:222][  0]LogConfig: Setting CVar [[s.MinBulkDataSizeForAsyncLoading:131072]]
[2019.11.19-17.02.33:222][  0]LogConfig: Setting CVar [[s.AsyncLoadingThreadEnabled:0]]
[2019.11.19-17.02.33:222][  0]LogConfig: Setting CVar [[s.EventDrivenLoaderEnabled:1]]
[2019.11.19-17.02.33:222][  0]LogConfig: Setting CVar [[s.WarnIfTimeLimitExceeded:0]]
[2019.11.19-17.02.33:222][  0]LogConfig: Setting CVar [[s.TimeLimitExceededMultiplier:1.5]]
[2019.11.19-17.02.33:222][  0]LogConfig: Setting CVar [[s.TimeLimitExceededMinTime:0.005]]
[2019.11.19-17.02.33:222][  0]LogConfig: Setting CVar [[s.UseBackgroundLevelStreaming:1]]
[2019.11.19-17.02.33:222][  0]LogConfig: Setting CVar [[s.PriorityAsyncLoadingExtraTime:15.0]]
[2019.11.19-17.02.33:222][  0]LogConfig: Setting CVar [[s.LevelStreamingActorsUpdateTimeLimit:5.0]]
[2019.11.19-17.02.33:222][  0]LogConfig: Setting CVar [[s.PriorityLevelStreamingActorsUpdateExtraTime:5.0]]
[2019.11.19-17.02.33:222][  0]LogConfig: Setting CVar [[s.LevelStreamingComponentsRegistrationGranularity:10]]
[2019.11.19-17.02.33:222][  0]LogConfig: Setting CVar [[s.UnregisterComponentsTimeLimit:1.0]]
[2019.11.19-17.02.33:222][  0]LogConfig: Setting CVar [[s.LevelStreamingComponentsUnregistrationGranularity:5]]
[2019.11.19-17.02.33:222][  0]LogConfig: Applying CVar settings from Section [/Script/Engine.GarbageCollectionSettings] File [D:/comp280-worksheet-3/BananaCollectorStarter/BananaCollectorStarter 4.22/Saved/Config/Windows/Engine.ini]
[2019.11.19-17.02.33:222][  0]LogConfig: Setting CVar [[gc.MaxObjectsNotConsideredByGC:1]]
[2019.11.19-17.02.33:222][  0]LogConfig: Setting CVar [[gc.SizeOfPermanentObjectPool:0]]
[2019.11.19-17.02.33:222][  0]LogConfig: Setting CVar [[gc.FlushStreamingOnGC:0]]
[2019.11.19-17.02.33:222][  0]LogConfig: Setting CVar [[gc.NumRetriesBeforeForcingGC:10]]
[2019.11.19-17.02.33:222][  0]LogConfig: Setting CVar [[gc.AllowParallelGC:1]]
[2019.11.19-17.02.33:222][  0]LogConfig: Setting CVar [[gc.TimeBetweenPurgingPendingKillObjects:61.1]]
[2019.11.19-17.02.33:222][  0]LogConfig: Setting CVar [[gc.MaxObjectsInEditor:16777216]]
[2019.11.19-17.02.33:222][  0]LogConfig: Setting CVar [[gc.IncrementalBeginDestroyEnabled:1]]
[2019.11.19-17.02.33:222][  0]LogConfig: Setting CVar [[gc.CreateGCClusters:1]]
[2019.11.19-17.02.33:222][  0]LogConfig: Setting CVar [[gc.MinGCClusterSize:5]]
[2019.11.19-17.02.33:222][  0]LogConfig: Setting CVar [[gc.ActorClusteringEnabled:0]]
[2019.11.19-17.02.33:222][  0]LogConfig: Setting CVar [[gc.BlueprintClusteringEnabled:0]]
[2019.11.19-17.02.33:222][  0]LogConfig: Setting CVar [[gc.UseDisregardForGCOnDedicatedServers:0]]
[2019.11.19-17.02.33:222][  0]LogConfig: Applying CVar settings from Section [/Script/Engine.NetworkSettings] File [D:/comp280-worksheet-3/BananaCollectorStarter/BananaCollectorStarter 4.22/Saved/Config/Windows/Engine.ini]
[2019.11.19-17.02.33:222][  0]LogConfig: Applying CVar settings from Section [/Script/UnrealEd.CookerSettings] File [D:/comp280-worksheet-3/BananaCollectorStarter/BananaCollectorStarter 4.22/Saved/Config/Windows/Engine.ini]
[2019.11.19-17.02.33:227][  0]LogConfig: Applying CVar settings from Section [ViewDistanceQuality@3] File [D:/comp280-worksheet-3/BananaCollectorStarter/BananaCollectorStarter 4.22/Saved/Config/Windows/Scalability.ini]
[2019.11.19-17.02.33:227][  0]LogConfig: Setting CVar [[r.SkeletalMeshLODBias:0]]
[2019.11.19-17.02.33:227][  0]LogConfig: Setting CVar [[r.ViewDistanceScale:1.0]]
[2019.11.19-17.02.33:227][  0]LogConfig: Applying CVar settings from Section [AntiAliasingQuality@3] File [D:/comp280-worksheet-3/BananaCollectorStarter/BananaCollectorStarter 4.22/Saved/Config/Windows/Scalability.ini]
[2019.11.19-17.02.33:227][  0]LogConfig: Setting CVar [[r.PostProcessAAQuality:4]]
[2019.11.19-17.02.33:227][  0]LogConfig: Applying CVar settings from Section [ShadowQuality@3] File [D:/comp280-worksheet-3/BananaCollectorStarter/BananaCollectorStarter 4.22/Saved/Config/Windows/Scalability.ini]
[2019.11.19-17.02.33:227][  0]LogConfig: Setting CVar [[r.LightFunctionQuality:1]]
[2019.11.19-17.02.33:227][  0]LogConfig: Setting CVar [[r.ShadowQuality:5]]
[2019.11.19-17.02.33:227][  0]LogConfig: Setting CVar [[r.Shadow.CSM.MaxCascades:10]]
[2019.11.19-17.02.33:227][  0]LogConfig: Setting CVar [[r.Shadow.MaxResolution:2048]]
[2019.11.19-17.02.33:227][  0]LogConfig: Setting CVar [[r.Shadow.MaxCSMResolution:2048]]
[2019.11.19-17.02.33:227][  0]LogConfig: Setting CVar [[r.Shadow.RadiusThreshold:0.01]]
[2019.11.19-17.02.33:227][  0]LogConfig: Setting CVar [[r.Shadow.DistanceScale:1.0]]
[2019.11.19-17.02.33:227][  0]LogConfig: Setting CVar [[r.Shadow.CSM.TransitionScale:1.0]]
[2019.11.19-17.02.33:227][  0]LogConfig: Setting CVar [[r.Shadow.PreShadowResolutionFactor:1.0]]
[2019.11.19-17.02.33:227][  0]LogConfig: Setting CVar [[r.DistanceFieldShadowing:1]]
[2019.11.19-17.02.33:227][  0]LogConfig: Setting CVar [[r.DistanceFieldAO:1]]
[2019.11.19-17.02.33:227][  0]LogConfig: Setting CVar [[r.AOQuality:2]]
[2019.11.19-17.02.33:227][  0]LogConfig: Setting CVar [[r.VolumetricFog:1]]
[2019.11.19-17.02.33:227][  0]LogConfig: Setting CVar [[r.VolumetricFog.GridPixelSize:8]]
[2019.11.19-17.02.33:227][  0]LogConfig: Setting CVar [[r.VolumetricFog.GridSizeZ:128]]
[2019.11.19-17.02.33:227][  0]LogConfig: Setting CVar [[r.VolumetricFog.HistoryMissSupersampleCount:4]]
[2019.11.19-17.02.33:227][  0]LogConfig: Setting CVar [[r.LightMaxDrawDistanceScale:1]]
[2019.11.19-17.02.33:227][  0]LogConfig: Setting CVar [[r.CapsuleShadows:1]]
[2019.11.19-17.02.33:227][  0]LogConfig: Applying CVar settings from Section [PostProcessQuality@3] File [D:/comp280-worksheet-3/BananaCollectorStarter/BananaCollectorStarter 4.22/Saved/Config/Windows/Scalability.ini]
[2019.11.19-17.02.33:227][  0]LogConfig: Setting CVar [[r.MotionBlurQuality:4]]
[2019.11.19-17.02.33:227][  0]LogConfig: Setting CVar [[r.AmbientOcclusionMipLevelFactor:0.4]]
[2019.11.19-17.02.33:227][  0]LogConfig: Setting CVar [[r.AmbientOcclusionMaxQuality:100]]
[2019.11.19-17.02.33:227][  0]LogConfig: Setting CVar [[r.AmbientOcclusionLevels:-1]]
[2019.11.19-17.02.33:227][  0]LogConfig: Setting CVar [[r.AmbientOcclusionRadiusScale:1.0]]
[2019.11.19-17.02.33:227][  0]LogConfig: Setting CVar [[r.DepthOfFieldQuality:2]]
[2019.11.19-17.02.33:227][  0]LogConfig: Setting CVar [[r.RenderTargetPoolMin:400]]
[2019.11.19-17.02.33:227][  0]LogConfig: Setting CVar [[r.LensFlareQuality:2]]
[2019.11.19-17.02.33:227][  0]LogConfig: Setting CVar [[r.SceneColorFringeQuality:1]]
[2019.11.19-17.02.33:227][  0]LogConfig: Setting CVar [[r.EyeAdaptationQuality:2]]
[2019.11.19-17.02.33:227][  0]LogConfig: Setting CVar [[r.BloomQuality:5]]
[2019.11.19-17.02.33:227][  0]LogConfig: Setting CVar [[r.FastBlurThreshold:100]]
[2019.11.19-17.02.33:227][  0]LogConfig: Setting CVar [[r.Upscale.Quality:3]]
[2019.11.19-17.02.33:227][  0]LogConfig: Setting CVar [[r.Tonemapper.GrainQuantization:1]]
[2019.11.19-17.02.33:227][  0]LogConfig: Setting CVar [[r.LightShaftQuality:1]]
[2019.11.19-17.02.33:227][  0]LogConfig: Setting CVar [[r.Filter.SizeScale:1]]
[2019.11.19-17.02.33:227][  0]LogConfig: Setting CVar [[r.Tonemapper.Quality:5]]
[2019.11.19-17.02.33:227][  0]LogConfig: Setting CVar [[r.DOF.Gather.AccumulatorQuality:1        ; higher gathering accumulator quality]]
[2019.11.19-17.02.33:227][  0]LogConfig: Setting CVar [[r.DOF.Gather.PostfilterMethod:1          ; Median3x3 postfilering method]]
[2019.11.19-17.02.33:227][  0]LogConfig: Setting CVar [[r.DOF.Gather.EnableBokehSettings:0       ; no bokeh simulation when gathering]]
[2019.11.19-17.02.33:227][  0]LogConfig: Setting CVar [[r.DOF.Gather.RingCount:4                 ; medium number of samples when gathering]]
[2019.11.19-17.02.33:227][  0]LogConfig: Setting CVar [[r.DOF.Scatter.ForegroundCompositing:1    ; additive foreground scattering]]
[2019.11.19-17.02.33:227][  0]LogConfig: Setting CVar [[r.DOF.Scatter.BackgroundCompositing:2    ; additive background scattering]]
[2019.11.19-17.02.33:227][  0]LogConfig: Setting CVar [[r.DOF.Scatter.EnableBokehSettings:1      ; bokeh simulation when scattering]]
[2019.11.19-17.02.33:228][  0]LogConfig: Setting CVar [[r.DOF.Scatter.MaxSpriteRatio:0.1         ; only a maximum of 10% of scattered bokeh]]
[2019.11.19-17.02.33:228][  0]LogConfig: Setting CVar [[r.DOF.Recombine.Quality:1                ; cheap slight out of focus]]
[2019.11.19-17.02.33:228][  0]LogConfig: Setting CVar [[r.DOF.Recombine.EnableBokehSettings:0    ; no bokeh simulation on slight out of focus]]
[2019.11.19-17.02.33:228][  0]LogConfig: Setting CVar [[r.DOF.TemporalAAQuality:1                ; more stable temporal accumulation]]
[2019.11.19-17.02.33:228][  0]LogConfig: Setting CVar [[r.DOF.Kernel.MaxForegroundRadius:0.025]]
[2019.11.19-17.02.33:228][  0]LogConfig: Setting CVar [[r.DOF.Kernel.MaxBackgroundRadius:0.025]]
[2019.11.19-17.02.33:228][  0]LogConfig: Applying CVar settings from Section [TextureQuality@3] File [D:/comp280-worksheet-3/BananaCollectorStarter/BananaCollectorStarter 4.22/Saved/Config/Windows/Scalability.ini]
[2019.11.19-17.02.33:228][  0]LogConfig: Setting CVar [[r.Streaming.MipBias:0]]
[2019.11.19-17.02.33:228][  0]LogConfig: Setting CVar [[r.Streaming.AmortizeCPUToGPUCopy:0]]
[2019.11.19-17.02.33:228][  0]LogConfig: Setting CVar [[r.Streaming.MaxNumTexturesToStreamPerFrame:0]]
[2019.11.19-17.02.33:228][  0]LogConfig: Setting CVar [[r.Streaming.Boost:1]]
[2019.11.19-17.02.33:228][  0]LogConfig: Setting CVar [[r.MaxAnisotropy:8]]
[2019.11.19-17.02.33:228][  0]LogConfig: Setting CVar [[r.Streaming.LimitPoolSizeToVRAM:0]]
[2019.11.19-17.02.33:228][  0]LogConfig: Setting CVar [[r.Streaming.PoolSize:1000]]
[2019.11.19-17.02.33:228][  0]LogConfig: Setting CVar [[r.Streaming.MaxEffectiveScreenSize:0]]
[2019.11.19-17.02.33:228][  0]LogConfig: Applying CVar settings from Section [EffectsQuality@3] File [D:/comp280-worksheet-3/BananaCollectorStarter/BananaCollectorStarter 4.22/Saved/Config/Windows/Scalability.ini]
[2019.11.19-17.02.33:228][  0]LogConfig: Setting CVar [[r.TranslucencyLightingVolumeDim:64]]
[2019.11.19-17.02.33:228][  0]LogConfig: Setting CVar [[r.RefractionQuality:2]]
[2019.11.19-17.02.33:228][  0]LogConfig: Setting CVar [[r.SSR.Quality:3]]
[2019.11.19-17.02.33:228][  0]LogConfig: Setting CVar [[r.SceneColorFormat:4]]
[2019.11.19-17.02.33:228][  0]LogConfig: Setting CVar [[r.DetailMode:2]]
[2019.11.19-17.02.33:228][  0]LogConfig: Setting CVar [[r.TranslucencyVolumeBlur:1]]
[2019.11.19-17.02.33:228][  0]LogConfig: Setting CVar [[r.MaterialQualityLevel:1 ; High quality]]
[2019.11.19-17.02.33:228][  0]LogConfig: Setting CVar [[r.SSS.Scale:1]]
[2019.11.19-17.02.33:228][  0]LogConfig: Setting CVar [[r.SSS.SampleSet:2]]
[2019.11.19-17.02.33:228][  0]LogConfig: Setting CVar [[r.SSS.Quality:1]]
[2019.11.19-17.02.33:228][  0]LogConfig: Setting CVar [[r.SSS.HalfRes:1]]
[2019.11.19-17.02.33:228][  0]LogConfig: Setting CVar [[r.EmitterSpawnRateScale:1.0]]
[2019.11.19-17.02.33:228][  0]LogConfig: Setting CVar [[r.ParticleLightQuality:2]]
[2019.11.19-17.02.33:228][  0]LogConfig: Applying CVar settings from Section [FoliageQuality@3] File [D:/comp280-worksheet-3/BananaCollectorStarter/BananaCollectorStarter 4.22/Saved/Config/Windows/Scalability.ini]
[2019.11.19-17.02.33:228][  0]LogConfig: Setting CVar [[foliage.DensityScale:1.0]]
[2019.11.19-17.02.33:228][  0]LogConfig: Setting CVar [[grass.DensityScale:1.0]]
[2019.11.19-17.02.33:228][  0]LogInit: Selected Device Profile: [Windows]
[2019.11.19-17.02.33:228][  0]LogInit: Applying CVar settings loaded from the selected device profile: [Windows]
[2019.11.19-17.02.33:273][  0]LogHAL: Display: Platform has ~ 16 GB [17075023872 / 17179869184 / 16], which maps to Larger [LargestMinGB=32, LargerMinGB=12, DefaultMinGB=8, SmallerMinGB=6, SmallestMinGB=0)
[2019.11.19-17.02.33:273][  0]LogConfig: Setting CVar [[r.Vulkan.UseRealUBs:0		; Required until we fix HLR fall-out]]
[2019.11.19-17.02.33:273][  0]LogInit: Going up to parent DeviceProfile []
[2019.11.19-17.02.33:273][  0]LogConfig: Applying CVar settings from Section [ViewDistanceQuality@3] File [D:/comp280-worksheet-3/BananaCollectorStarter/BananaCollectorStarter 4.22/Saved/Config/Windows/Scalability.ini]
[2019.11.19-17.02.33:273][  0]LogConfig: Setting CVar [[r.SkeletalMeshLODBias:0]]
[2019.11.19-17.02.33:273][  0]LogConfig: Setting CVar [[r.ViewDistanceScale:1.0]]
[2019.11.19-17.02.33:273][  0]LogConfig: Applying CVar settings from Section [AntiAliasingQuality@3] File [D:/comp280-worksheet-3/BananaCollectorStarter/BananaCollectorStarter 4.22/Saved/Config/Windows/Scalability.ini]
[2019.11.19-17.02.33:273][  0]LogConfig: Setting CVar [[r.PostProcessAAQuality:4]]
[2019.11.19-17.02.33:273][  0]LogConfig: Applying CVar settings from Section [ShadowQuality@3] File [D:/comp280-worksheet-3/BananaCollectorStarter/BananaCollectorStarter 4.22/Saved/Config/Windows/Scalability.ini]
[2019.11.19-17.02.33:273][  0]LogConfig: Setting CVar [[r.LightFunctionQuality:1]]
[2019.11.19-17.02.33:273][  0]LogConfig: Setting CVar [[r.ShadowQuality:5]]
[2019.11.19-17.02.33:273][  0]LogConfig: Setting CVar [[r.Shadow.CSM.MaxCascades:10]]
[2019.11.19-17.02.33:273][  0]LogConfig: Setting CVar [[r.Shadow.MaxResolution:2048]]
[2019.11.19-17.02.33:273][  0]LogConfig: Setting CVar [[r.Shadow.MaxCSMResolution:2048]]
[2019.11.19-17.02.33:273][  0]LogConfig: Setting CVar [[r.Shadow.RadiusThreshold:0.01]]
[2019.11.19-17.02.33:273][  0]LogConfig: Setting CVar [[r.Shadow.DistanceScale:1.0]]
[2019.11.19-17.02.33:273][  0]LogConfig: Setting CVar [[r.Shadow.CSM.TransitionScale:1.0]]
[2019.11.19-17.02.33:273][  0]LogConfig: Setting CVar [[r.Shadow.PreShadowResolutionFactor:1.0]]
[2019.11.19-17.02.33:273][  0]LogConfig: Setting CVar [[r.DistanceFieldShadowing:1]]
[2019.11.19-17.02.33:273][  0]LogConfig: Setting CVar [[r.DistanceFieldAO:1]]
[2019.11.19-17.02.33:273][  0]LogConfig: Setting CVar [[r.AOQuality:2]]
[2019.11.19-17.02.33:273][  0]LogConfig: Setting CVar [[r.VolumetricFog:1]]
[2019.11.19-17.02.33:273][  0]LogConfig: Setting CVar [[r.VolumetricFog.GridPixelSize:8]]
[2019.11.19-17.02.33:273][  0]LogConfig: Setting CVar [[r.VolumetricFog.GridSizeZ:128]]
[2019.11.19-17.02.33:273][  0]LogConfig: Setting CVar [[r.VolumetricFog.HistoryMissSupersampleCount:4]]
[2019.11.19-17.02.33:273][  0]LogConfig: Setting CVar [[r.LightMaxDrawDistanceScale:1]]
[2019.11.19-17.02.33:274][  0]LogConfig: Setting CVar [[r.CapsuleShadows:1]]
[2019.11.19-17.02.33:274][  0]LogConfig: Applying CVar settings from Section [PostProcessQuality@3] File [D:/comp280-worksheet-3/BananaCollectorStarter/BananaCollectorStarter 4.22/Saved/Config/Windows/Scalability.ini]
[2019.11.19-17.02.33:274][  0]LogConfig: Setting CVar [[r.MotionBlurQuality:4]]
[2019.11.19-17.02.33:274][  0]LogConfig: Setting CVar [[r.AmbientOcclusionMipLevelFactor:0.4]]
[2019.11.19-17.02.33:274][  0]LogConfig: Setting CVar [[r.AmbientOcclusionMaxQuality:100]]
[2019.11.19-17.02.33:274][  0]LogConfig: Setting CVar [[r.AmbientOcclusionLevels:-1]]
[2019.11.19-17.02.33:274][  0]LogConfig: Setting CVar [[r.AmbientOcclusionRadiusScale:1.0]]
[2019.11.19-17.02.33:274][  0]LogConfig: Setting CVar [[r.DepthOfFieldQuality:2]]
[2019.11.19-17.02.33:274][  0]LogConfig: Setting CVar [[r.RenderTargetPoolMin:400]]
[2019.11.19-17.02.33:274][  0]LogConfig: Setting CVar [[r.LensFlareQuality:2]]
[2019.11.19-17.02.33:274][  0]LogConfig: Setting CVar [[r.SceneColorFringeQuality:1]]
[2019.11.19-17.02.33:274][  0]LogConfig: Setting CVar [[r.EyeAdaptationQuality:2]]
[2019.11.19-17.02.33:274][  0]LogConfig: Setting CVar [[r.BloomQuality:5]]
[2019.11.19-17.02.33:274][  0]LogConfig: Setting CVar [[r.FastBlurThreshold:100]]
[2019.11.19-17.02.33:274][  0]LogConfig: Setting CVar [[r.Upscale.Quality:3]]
[2019.11.19-17.02.33:274][  0]LogConfig: Setting CVar [[r.Tonemapper.GrainQuantization:1]]
[2019.11.19-17.02.33:274][  0]LogConfig: Setting CVar [[r.LightShaftQuality:1]]
[2019.11.19-17.02.33:274][  0]LogConfig: Setting CVar [[r.Filter.SizeScale:1]]
[2019.11.19-17.02.33:274][  0]LogConfig: Setting CVar [[r.Tonemapper.Quality:5]]
[2019.11.19-17.02.33:274][  0]LogConfig: Setting CVar [[r.DOF.Gather.AccumulatorQuality:1        ; higher gathering accumulator quality]]
[2019.11.19-17.02.33:274][  0]LogConfig: Setting CVar [[r.DOF.Gather.PostfilterMethod:1          ; Median3x3 postfilering method]]
[2019.11.19-17.02.33:274][  0]LogConfig: Setting CVar [[r.DOF.Gather.EnableBokehSettings:0       ; no bokeh simulation when gathering]]
[2019.11.19-17.02.33:274][  0]LogConfig: Setting CVar [[r.DOF.Gather.RingCount:4                 ; medium number of samples when gathering]]
[2019.11.19-17.02.33:274][  0]LogConfig: Setting CVar [[r.DOF.Scatter.ForegroundCompositing:1    ; additive foreground scattering]]
[2019.11.19-17.02.33:274][  0]LogConfig: Setting CVar [[r.DOF.Scatter.BackgroundCompositing:2    ; additive background scattering]]
[2019.11.19-17.02.33:274][  0]LogConfig: Setting CVar [[r.DOF.Scatter.EnableBokehSettings:1      ; bokeh simulation when scattering]]
[2019.11.19-17.02.33:274][  0]LogConfig: Setting CVar [[r.DOF.Scatter.MaxSpriteRatio:0.1         ; only a maximum of 10% of scattered bokeh]]
[2019.11.19-17.02.33:274][  0]LogConfig: Setting CVar [[r.DOF.Recombine.Quality:1                ; cheap slight out of focus]]
[2019.11.19-17.02.33:274][  0]LogConfig: Setting CVar [[r.DOF.Recombine.EnableBokehSettings:0    ; no bokeh simulation on slight out of focus]]
[2019.11.19-17.02.33:274][  0]LogConfig: Setting CVar [[r.DOF.TemporalAAQuality:1                ; more stable temporal accumulation]]
[2019.11.19-17.02.33:274][  0]LogConfig: Setting CVar [[r.DOF.Kernel.MaxForegroundRadius:0.025]]
[2019.11.19-17.02.33:274][  0]LogConfig: Setting CVar [[r.DOF.Kernel.MaxBackgroundRadius:0.025]]
[2019.11.19-17.02.33:274][  0]LogConfig: Applying CVar settings from Section [TextureQuality@3] File [D:/comp280-worksheet-3/BananaCollectorStarter/BananaCollectorStarter 4.22/Saved/Config/Windows/Scalability.ini]
[2019.11.19-17.02.33:274][  0]LogConfig: Setting CVar [[r.Streaming.MipBias:0]]
[2019.11.19-17.02.33:274][  0]LogConfig: Setting CVar [[r.Streaming.AmortizeCPUToGPUCopy:0]]
[2019.11.19-17.02.33:274][  0]LogConfig: Setting CVar [[r.Streaming.MaxNumTexturesToStreamPerFrame:0]]
[2019.11.19-17.02.33:274][  0]LogConfig: Setting CVar [[r.Streaming.Boost:1]]
[2019.11.19-17.02.33:274][  0]LogConfig: Setting CVar [[r.MaxAnisotropy:8]]
[2019.11.19-17.02.33:274][  0]LogConfig: Setting CVar [[r.Streaming.LimitPoolSizeToVRAM:0]]
[2019.11.19-17.02.33:274][  0]LogConfig: Setting CVar [[r.Streaming.PoolSize:1000]]
[2019.11.19-17.02.33:274][  0]LogConfig: Setting CVar [[r.Streaming.MaxEffectiveScreenSize:0]]
[2019.11.19-17.02.33:274][  0]LogConfig: Applying CVar settings from Section [EffectsQuality@3] File [D:/comp280-worksheet-3/BananaCollectorStarter/BananaCollectorStarter 4.22/Saved/Config/Windows/Scalability.ini]
[2019.11.19-17.02.33:274][  0]LogConfig: Setting CVar [[r.TranslucencyLightingVolumeDim:64]]
[2019.11.19-17.02.33:274][  0]LogConfig: Setting CVar [[r.RefractionQuality:2]]
[2019.11.19-17.02.33:274][  0]LogConfig: Setting CVar [[r.SSR.Quality:3]]
[2019.11.19-17.02.33:274][  0]LogConfig: Setting CVar [[r.SceneColorFormat:4]]
[2019.11.19-17.02.33:274][  0]LogConfig: Setting CVar [[r.DetailMode:2]]
[2019.11.19-17.02.33:274][  0]LogConfig: Setting CVar [[r.TranslucencyVolumeBlur:1]]
[2019.11.19-17.02.33:274][  0]LogConfig: Setting CVar [[r.MaterialQualityLevel:1 ; High quality]]
[2019.11.19-17.02.33:274][  0]LogConfig: Setting CVar [[r.SSS.Scale:1]]
[2019.11.19-17.02.33:274][  0]LogConfig: Setting CVar [[r.SSS.SampleSet:2]]
[2019.11.19-17.02.33:274][  0]LogConfig: Setting CVar [[r.SSS.Quality:1]]
[2019.11.19-17.02.33:274][  0]LogConfig: Setting CVar [[r.SSS.HalfRes:1]]
[2019.11.19-17.02.33:274][  0]LogConfig: Setting CVar [[r.EmitterSpawnRateScale:1.0]]
[2019.11.19-17.02.33:274][  0]LogConfig: Setting CVar [[r.ParticleLightQuality:2]]
[2019.11.19-17.02.33:274][  0]LogConfig: Applying CVar settings from Section [FoliageQuality@3] File [D:/comp280-worksheet-3/BananaCollectorStarter/BananaCollectorStarter 4.22/Saved/Config/Windows/Scalability.ini]
[2019.11.19-17.02.33:274][  0]LogConfig: Setting CVar [[foliage.DensityScale:1.0]]
[2019.11.19-17.02.33:274][  0]LogConfig: Setting CVar [[grass.DensityScale:1.0]]
[2019.11.19-17.02.33:274][  0]LogConfig: Applying CVar settings from Section [Startup] File [../../../Engine/Config/ConsoleVariables.ini]
[2019.11.19-17.02.33:281][  0]LogConfig: Setting CVar [[net.UseAdaptiveNetUpdateFrequency:0]]
[2019.11.19-17.02.33:281][  0]LogConfig: Setting CVar [[p.chaos.AllowCreatePhysxBodies:1]]
[2019.11.19-17.02.33:281][  0]LogConfig: Applying CVar settings from Section [ConsoleVariables] File [D:/comp280-worksheet-3/BananaCollectorStarter/BananaCollectorStarter 4.22/Saved/Config/Windows/Engine.ini]
[2019.11.19-17.02.33:281][  0]LogInit: Computer: 052TGADS-60420
[2019.11.19-17.02.33:281][  0]LogInit: User: jm219785
[2019.11.19-17.02.33:281][  0]LogInit: CPU Page size=4096, Cores=4
[2019.11.19-17.02.33:281][  0]LogInit: High frequency timer resolution =10.000000 MHz
[2019.11.19-17.02.33:281][  0]LogMemory: Memory total: Physical=15.9GB (16GB approx)
[2019.11.19-17.02.33:281][  0]LogMemory: Platform Memory Stats for Windows
[2019.11.19-17.02.33:281][  0]LogMemory: Process Physical Memory: 96.43 MB used, 96.44 MB peak
[2019.11.19-17.02.33:281][  0]LogMemory: Process Virtual Memory: 83.95 MB used, 83.95 MB peak
[2019.11.19-17.02.33:282][  0]LogMemory: Physical Memory: 7753.05 MB used,  8530.96 MB free, 16284.01 MB total
[2019.11.19-17.02.33:282][  0]LogMemory: Virtual Memory: 4639.47 MB used,  134213088.00 MB free, 134217728.00 MB total
[2019.11.19-17.02.33:305][  0]LogInit: Using OS detected language (en-US).
[2019.11.19-17.02.33:305][  0]LogInit: Using OS detected locale (en-US).
[2019.11.19-17.02.33:308][  0]LogTextLocalizationManager: No specific localization for 'en-US' exists, so the 'en' localization will be used.
[2019.11.19-17.02.33:542][  0]LogInit: Setting process to per monitor DPI aware
[2019.11.19-17.02.33:629][  0]LogSlate: New Slate User Created.  User Index 0, Is Virtual User: 0
[2019.11.19-17.02.33:629][  0]LogSlate: Slate User Registered.  User Index 0, Is Virtual User: 0
[2019.11.19-17.02.36:730][  0]LogHMD: Failed to initialize OpenVR with code 110
[2019.11.19-17.02.36:730][  0]LogD3D11RHI: D3D11 adapters:
[2019.11.19-17.02.36:792][  0]LogD3D11RHI:    0. 'NVIDIA GeForce GTX 1050 Ti' (Feature Level 11_0)
[2019.11.19-17.02.36:792][  0]LogD3D11RHI:       4018/0/8142 MB DedicatedVideo/DedicatedSystem/SharedSystem, Outputs:2, VendorId:0x10de
[2019.11.19-17.02.36:821][  0]LogD3D11RHI:    1. 'Intel(R) HD Graphics 630' (Feature Level 11_0)
[2019.11.19-17.02.36:821][  0]LogD3D11RHI:       128/0/8142 MB DedicatedVideo/DedicatedSystem/SharedSystem, Outputs:0, VendorId:0x8086
[2019.11.19-17.02.36:823][  0]LogD3D11RHI:    2. 'Microsoft Basic Render Driver' (Feature Level 11_0)
[2019.11.19-17.02.36:823][  0]LogD3D11RHI:       0/0/8142 MB DedicatedVideo/DedicatedSystem/SharedSystem, Outputs:0, VendorId:0x1414
[2019.11.19-17.02.36:823][  0]LogD3D11RHI: Chosen D3D11 Adapter: 0
[2019.11.19-17.02.36:831][  0]LogD3D11RHI: Creating new Direct3DDevice
[2019.11.19-17.02.36:831][  0]LogD3D11RHI:     GPU DeviceId: 0x1c82 (for the marketing name, search the web for "GPU Device Id")
[2019.11.19-17.02.36:831][  0]LogWindows: EnumDisplayDevices:
[2019.11.19-17.02.36:832][  0]LogWindows:    0. 'NVIDIA GeForce GTX 1050 Ti' (P:1 D:1)
[2019.11.19-17.02.36:832][  0]LogWindows:    1. 'NVIDIA GeForce GTX 1050 Ti' (P:0 D:1)
[2019.11.19-17.02.36:832][  0]LogWindows:    2. 'NVIDIA GeForce GTX 1050 Ti' (P:0 D:0)
[2019.11.19-17.02.36:833][  0]LogWindows:    3. 'NVIDIA GeForce GTX 1050 Ti' (P:0 D:0)
[2019.11.19-17.02.36:833][  0]LogWindows:    4. 'Intel(R) HD Graphics 630' (P:0 D:0)
[2019.11.19-17.02.36:833][  0]LogWindows:    5. 'Intel(R) HD Graphics 630' (P:0 D:0)
[2019.11.19-17.02.36:834][  0]LogWindows:    6. 'Intel(R) HD Graphics 630' (P:0 D:0)
[2019.11.19-17.02.36:834][  0]LogWindows: DebugString: PrimaryIsNotTheChoosenAdapter PrimaryIsNotTheChoosenAdapter PrimaryIsNotTheChoosenAdapter FoundDriverCount:4 
[2019.11.19-17.02.36:834][  0]LogD3D11RHI:     Adapter Name: NVIDIA GeForce GTX 1050 Ti
[2019.11.19-17.02.36:834][  0]LogD3D11RHI:   Driver Version: 419.17 (internal:25.21.14.1917, unified:419.17)
[2019.11.19-17.02.36:834][  0]LogD3D11RHI:      Driver Date: 2-20-2019
[2019.11.19-17.02.36:834][  0]LogRHI: Texture pool is 2812 MB (70% of 4018 MB)
[2019.11.19-17.02.36:873][  0]LogD3D11RHI: Async texture creation enabled
[2019.11.19-17.02.36:877][  0]LogRendererCore: FGlobalReadBuffer::InitRHI
[2019.11.19-17.02.36:877][  0]LogRendererCore: FGlobalReadBuffer::InitRHI
[2019.11.19-17.02.36:877][  0]LogRendererCore: FGlobalReadBuffer::InitRHI
[2019.11.19-17.02.36:885][  0]LogD3D11RHI: GPU Timing Frequency: 1000.000000 (Debug: 2 1)
[2019.11.19-17.02.37:323][  0]LogTemp: Display: Module 'AllDesktopTargetPlatform' loaded TargetPlatform 'AllDesktop'
[2019.11.19-17.02.37:339][  0]LogTemp: Display: Module 'MacClientTargetPlatform' loaded TargetPlatform 'MacClient'
[2019.11.19-17.02.37:355][  0]LogTemp: Display: Module 'MacNoEditorTargetPlatform' loaded TargetPlatform 'MacNoEditor'
[2019.11.19-17.02.37:371][  0]LogTemp: Display: Module 'MacServerTargetPlatform' loaded TargetPlatform 'MacServer'
[2019.11.19-17.02.37:393][  0]LogTemp: Display: Module 'MacTargetPlatform' loaded TargetPlatform 'Mac'
[2019.11.19-17.02.37:409][  0]LogTemp: Display: Module 'WindowsClientTargetPlatform' loaded TargetPlatform 'WindowsClient'
[2019.11.19-17.02.37:426][  0]LogTemp: Display: Module 'WindowsNoEditorTargetPlatform' loaded TargetPlatform 'WindowsNoEditor'
[2019.11.19-17.02.37:443][  0]LogTemp: Display: Module 'WindowsServerTargetPlatform' loaded TargetPlatform 'WindowsServer'
[2019.11.19-17.02.37:451][  0]LogTemp: Display: Module 'WindowsTargetPlatform' loaded TargetPlatform 'Windows'
[2019.11.19-17.02.37:545][  0]LogTemp: Display: Module 'AndroidTargetPlatform' loaded TargetPlatform 'Android'
[2019.11.19-17.02.37:545][  0]LogTemp: Display: Module 'AndroidTargetPlatform' loaded TargetPlatform 'Android_ASTC'
[2019.11.19-17.02.37:545][  0]LogTemp: Display: Module 'AndroidTargetPlatform' loaded TargetPlatform 'Android_ATC'
[2019.11.19-17.02.37:545][  0]LogTemp: Display: Module 'AndroidTargetPlatform' loaded TargetPlatform 'Android_DXT'
[2019.11.19-17.02.37:545][  0]LogTemp: Display: Module 'AndroidTargetPlatform' loaded TargetPlatform 'Android_ETC1'
[2019.11.19-17.02.37:545][  0]LogTemp: Display: Module 'AndroidTargetPlatform' loaded TargetPlatform 'Android_ETC1a'
[2019.11.19-17.02.37:545][  0]LogTemp: Display: Module 'AndroidTargetPlatform' loaded TargetPlatform 'Android_ETC2'
[2019.11.19-17.02.37:545][  0]LogTemp: Display: Module 'AndroidTargetPlatform' loaded TargetPlatform 'Android_PVRTC'
[2019.11.19-17.02.37:545][  0]LogTemp: Display: Module 'AndroidTargetPlatform' loaded TargetPlatform 'AndroidClient'
[2019.11.19-17.02.37:545][  0]LogTemp: Display: Module 'AndroidTargetPlatform' loaded TargetPlatform 'Android_ASTCClient'
[2019.11.19-17.02.37:545][  0]LogTemp: Display: Module 'AndroidTargetPlatform' loaded TargetPlatform 'Android_ATCClient'
[2019.11.19-17.02.37:545][  0]LogTemp: Display: Module 'AndroidTargetPlatform' loaded TargetPlatform 'Android_DXTClient'
[2019.11.19-17.02.37:545][  0]LogTemp: Display: Module 'AndroidTargetPlatform' loaded TargetPlatform 'Android_ETC1Client'
[2019.11.19-17.02.37:545][  0]LogTemp: Display: Module 'AndroidTargetPlatform' loaded TargetPlatform 'Android_ETC1aClient'
[2019.11.19-17.02.37:545][  0]LogTemp: Display: Module 'AndroidTargetPlatform' loaded TargetPlatform 'Android_ETC2Client'
[2019.11.19-17.02.37:545][  0]LogTemp: Display: Module 'AndroidTargetPlatform' loaded TargetPlatform 'Android_PVRTCClient'
[2019.11.19-17.02.37:545][  0]LogTemp: Display: Module 'AndroidTargetPlatform' loaded TargetPlatform 'Android_Multi'
[2019.11.19-17.02.37:545][  0]LogTemp: Display: Module 'AndroidTargetPlatform' loaded TargetPlatform 'Android_MultiClient'
[2019.11.19-17.02.37:547][  0]LogTemp: Display: Module 'HTML5TargetPlatform' loaded TargetPlatform 'HTML5'
[2019.11.19-17.02.37:608][  0]LogTemp: Display: Module 'IOSTargetPlatform' loaded TargetPlatform 'IOSClient'
[2019.11.19-17.02.37:608][  0]LogTemp: Display: Module 'IOSTargetPlatform' loaded TargetPlatform 'IOS'
[2019.11.19-17.02.37:636][  0]LogTemp: Display: Module 'TVOSTargetPlatform' loaded TargetPlatform 'TVOSClient'
[2019.11.19-17.02.37:636][  0]LogTemp: Display: Module 'TVOSTargetPlatform' loaded TargetPlatform 'TVOS'
[2019.11.19-17.02.37:651][  0]LogTemp: Display: Module 'LinuxClientTargetPlatform' loaded TargetPlatform 'LinuxClient'
[2019.11.19-17.02.37:665][  0]LogTemp: Display: Module 'LinuxNoEditorTargetPlatform' loaded TargetPlatform 'LinuxNoEditor'
[2019.11.19-17.02.37:678][  0]LogTemp: Display: Module 'LinuxServerTargetPlatform' loaded TargetPlatform 'LinuxServer'
[2019.11.19-17.02.37:702][  0]LogTemp: Display: Module 'LinuxTargetPlatform' loaded TargetPlatform 'Linux'
[2019.11.19-17.02.37:757][  0]LogTemp: Display: Module 'LuminTargetPlatform' loaded TargetPlatform 'Lumin'
[2019.11.19-17.02.37:757][  0]LogTemp: Display: Module 'LuminTargetPlatform' loaded TargetPlatform 'LuminClient'
[2019.11.19-17.02.37:758][  0]LogTargetPlatformManager: Display: Building Assets For Windows
[2019.11.19-17.02.37:769][  0]LogAudioDebug: Display: Lib vorbis DLL was dynamically loaded.
[2019.11.19-17.02.37:832][  0]LogShaderCompilers: Guid format shader working directory is -25 characters bigger than the processId version (D:/comp280-worksheet-3/BananaCollectorStarter/BananaCollectorStarter 4.22/Intermediate/Shaders/WorkingDirectory/10176/).
[2019.11.19-17.02.37:832][  0]LogShaderCompilers: Cleaned the shader compiler working directory 'C:/Users/jm219785/AppData/Local/Temp/UnrealShaderWorkingDir/F0E0B9E14CEF43F8A6E43EAA63E09FF0/'.
[2019.11.19-17.02.37:847][  0]LogShaderCompilers: Display: Using XGE Shader Compiler (Interception Interface).
[2019.11.19-17.02.41:820][  0]LogDerivedDataCache: Display: Max Cache Size: 512 MB
[2019.11.19-17.02.42:250][  0]LogDerivedDataCache: Loaded boot cache 0.43s 71MB C:/Users/jm219785/AppData/Local/UnrealEngine/4.22/DerivedDataCache/Boot.ddc.
[2019.11.19-17.02.42:251][  0]LogDerivedDataCache: Display: Loaded Boot cache: C:/Users/jm219785/AppData/Local/UnrealEngine/4.22/DerivedDataCache/Boot.ddc
[2019.11.19-17.02.42:251][  0]LogDerivedDataCache: FDerivedDataBackendGraph:  Pak pak cache file D:/comp280-worksheet-3/BananaCollectorStarter/BananaCollectorStarter 4.22/DerivedDataCache/DDC.ddp not found, will not use a pak cache.
[2019.11.19-17.02.42:251][  0]LogDerivedDataCache: Unable to find inner node Pak for hierarchical cache Hierarchy.
[2019.11.19-17.02.42:251][  0]LogDerivedDataCache: FDerivedDataBackendGraph:  CompressedPak pak cache file D:/comp280-worksheet-3/BananaCollectorStarter/BananaCollectorStarter 4.22/DerivedDataCache/Compressed.ddp not found, will not use a pak cache.
[2019.11.19-17.02.42:251][  0]LogDerivedDataCache: Unable to find inner node CompressedPak for hierarchical cache Hierarchy.
[2019.11.19-17.02.42:265][  0]LogDerivedDataCache: Display: Pak cache opened for reading ../../../Engine/DerivedDataCache/Compressed.ddp.
[2019.11.19-17.02.42:265][  0]LogDerivedDataCache: FDerivedDataBackendGraph:  EnterprisePak pak cache file ../../../Enterprise/DerivedDataCache/Compressed.ddp not found, will not use a pak cache.
[2019.11.19-17.02.42:265][  0]LogDerivedDataCache: Unable to find inner node EnterprisePak for hierarchical cache Hierarchy.
[2019.11.19-17.02.42:277][  0]LogDerivedDataCache: Using Local data cache path C:/Users/jm219785/AppData/Local/UnrealEngine/Common/DerivedDataCache: Writable
[2019.11.19-17.02.42:277][  0]LogDerivedDataCache: Shared data cache path not found in *engine.ini, will not use an Shared cache.
[2019.11.19-17.02.42:277][  0]LogDerivedDataCache: Unable to find inner node Shared for hierarchical cache Hierarchy.
[2019.11.19-17.02.42:304][  0]LogMaterial: Verifying Global Shaders for PCD3D_SM5
[2019.11.19-17.02.42:305][  0]LogSlate: Using FreeType 2.6.0
[2019.11.19-17.02.42:437][  0]LogSlate: SlateFontServices - WITH_FREETYPE: 1, WITH_HARFBUZZ: 1
[2019.11.19-17.02.42:984][  0]LogAssetRegistry: FAssetRegistry took 0.0352 seconds to start up
[2019.11.19-17.02.43:359][  0]LogInit: Selected Device Profile: [Windows]
[2019.11.19-17.02.43:518][  0]LogMeshReduction: Using QuadricMeshReduction for automatic static mesh reduction
[2019.11.19-17.02.43:518][  0]LogMeshReduction: Using SimplygonMeshReduction for automatic skeletal mesh reduction
[2019.11.19-17.02.43:518][  0]LogMeshReduction: Using ProxyLODMeshReduction for automatic mesh merging
[2019.11.19-17.02.43:518][  0]LogMeshReduction: No distributed automatic mesh merging module available
[2019.11.19-17.02.43:518][  0]LogMeshMerging: No distributed automatic mesh merging module available
[2019.11.19-17.02.43:530][  0]LogNetVersion: BananaCollector 1.0.0, NetCL: 5660361, EngineNetVer: 10, GameNetVer: 0 (Checksum: 1857636753)
[2019.11.19-17.02.44:043][  0]LogPackageLocalizationCache: Processed 10 localized package path(s) for 1 prioritized culture(s) in 0.055343 seconds
[2019.11.19-17.02.44:049][  0]LogUObjectArray: 42205 objects as part of root set at end of initial load.
[2019.11.19-17.02.44:049][  0]LogUObjectAllocator: 7325032 out of 0 bytes used by permanent object pool.
[2019.11.19-17.02.44:049][  0]LogUObjectArray: CloseDisregardForGC: 0/0 objects in disregard for GC pool
[2019.11.19-17.02.50:031][  0]LogTcpMessaging: Initializing TcpMessaging bridge
[2019.11.19-17.02.50:045][  0]LogUdpMessaging: Initializing bridge on interface 0.0.0.0:0 to multicast group 230.0.0.1:6666.
[2019.11.19-17.02.50:158][  0]SourceControl: Source control is disabled
[2019.11.19-17.02.50:158][  0]SourceControl: Source control is disabled
[2019.11.19-17.02.50:160][  0]SourceControl: Source control is disabled
[2019.11.19-17.02.50:161][  0]SourceControl: Source control is disabled
[2019.11.19-17.02.50:279][  0]LogAndroidPermission: UAndroidPermissionCallbackProxy::GetInstance
[2019.11.19-17.02.50:469][  0]LogOcInput: OculusInput pre-init called
[2019.11.19-17.02.53:787][  0]LogEngine: Initializing Engine...
[2019.11.19-17.02.53:788][  0]LogHMD: Failed to initialize OpenVR with code 110
[2019.11.19-17.02.53:790][  0]LogStats: UGameplayTagsManager::InitializeManager -  0.000 s
[2019.11.19-17.02.54:057][  0]LogInit: Initializing FReadOnlyCVARCache
[2019.11.19-17.02.54:077][  0]LogAIModule: Creating AISystem for world Untitled
[2019.11.19-17.02.54:158][  0]LogInit: XAudio2 using 'Speakers / Headphones (Realtek Audio)' : 2 channels at 48 kHz using 32 bits per sample (channel mask 0x3)
[2019.11.19-17.02.54:254][  0]LogInit: FAudioDevice initialized.
[2019.11.19-17.02.54:255][  0]LogNetVersion: Set ProjectVersion to 1.0.0.0. Version Checksum will be recalculated on next use.
[2019.11.19-17.02.55:069][  0]LogDerivedDataCache: Saved boot cache 0.81s 71MB C:/Users/jm219785/AppData/Local/UnrealEngine/4.22/DerivedDataCache/Boot.ddc.
[2019.11.19-17.02.55:083][  0]LogInit: Texture streaming: Enabled
[2019.11.19-17.02.55:105][  0]LogEngineSessionManager: EngineSessionManager initialized
[2019.11.19-17.02.55:270][  0]LogInit: Transaction tracking system initialized
[2019.11.19-17.02.55:300][  0]BlueprintLog: New page: Editor Load
[2019.11.19-17.02.55:579][  0]LocalizationService: Localization service is disabled
[2019.11.19-17.02.56:096][  0]LogFileCache: Scanning file cache for directory 'D:/comp280-worksheet-3/BananaCollectorStarter/BananaCollectorStarter 4.22/Content/' took 0.04s
[2019.11.19-17.02.56:096][  0]LogCook: Display: Max memory allowance for cook 16384mb min free memory 0mb
[2019.11.19-17.02.56:096][  0]LogCook: Display: Mobile HDR setting 1
[2019.11.19-17.02.56:600][  0]SourceControl: Source control is disabled
[2019.11.19-17.02.56:600][  0]Cmd: MAP LOAD FILE="D:/comp280-worksheet-3/BananaCollectorStarter/BananaCollectorStarter 4.22/Content/BananaCollector/Maps/TutorialMap.umap" TEMPLATE=0 SHOWPROGRESS=1 FEATURELEVEL=3
[2019.11.19-17.02.56:600][  0]LightingResults: New page: Lighting Build
[2019.11.19-17.02.56:603][  0]MapCheck: New page: Map Check
[2019.11.19-17.02.56:603][  0]LightingResults: New page: Lighting Build
[2019.11.19-17.02.56:632][  0]LogUObjectHash: Compacting FUObjectHashTables data took   1.52ms
[2019.11.19-17.02.57:007][  0]LogAIModule: Creating AISystem for world TutorialMap
[2019.11.19-17.02.57:019][  0]LogEditorServer: Finished looking for orphan Actors (0.000 secs)
[2019.11.19-17.02.57:049][  0]LogUObjectHash: Compacting FUObjectHashTables data took   2.03ms
[2019.11.19-17.02.57:049][  0]Cmd: MAP CHECKDEP NOCLEARLOG
[2019.11.19-17.02.57:050][  0]MapCheck: Map check complete: 0 Error(s), 0 Warning(s), took 0.108ms to complete.
[2019.11.19-17.02.57:050][  0]LogFileHelpers: Loading map 'TutorialMap' took 0.450
[2019.11.19-17.02.57:177][  0]LogSlate: Updating window title bar state: overlay mode, drag disabled, window buttons hidden, title bar hidden
[2019.11.19-17.02.57:185][  0]LogSlate: Updating window title bar state: overlay mode, drag disabled, window buttons hidden, title bar hidden
[2019.11.19-17.02.57:193][  0]LogSlate: Updating window title bar state: overlay mode, drag disabled, window buttons hidden, title bar hidden
[2019.11.19-17.02.57:200][  0]LogSlate: Updating window title bar state: overlay mode, drag disabled, window buttons hidden, title bar hidden
[2019.11.19-17.02.57:213][  0]LogCollectionManager: Loaded 0 collections in 0.002070 seconds
[2019.11.19-17.02.57:229][  0]LogFileCache: Scanning file cache for directory 'D:/comp280-worksheet-3/BananaCollectorStarter/BananaCollectorStarter 4.22/Saved/Collections/' took 0.01s
[2019.11.19-17.02.57:229][  0]LogFileCache: Scanning file cache for directory 'D:/comp280-worksheet-3/BananaCollectorStarter/BananaCollectorStarter 4.22/Content/Developers/jm219785/Collections/' took 0.00s
[2019.11.19-17.02.57:229][  0]LogFileCache: Scanning file cache for directory 'D:/comp280-worksheet-3/BananaCollectorStarter/BananaCollectorStarter 4.22/Content/Collections/' took 0.00s
[2019.11.19-17.02.57:229][  0]LogCollectionManager: Rebuilt the GUID cache for 0 collections in 0.000000 seconds
[2019.11.19-17.02.57:240][  0]LogContentBrowser: Native class hierarchy populated in 0.0104 seconds. Added 2732 classes and 659 folders.
[2019.11.19-17.02.57:256][  0]LogContentBrowser: Native class hierarchy updated for 'WidgetCarousel' in 0.0003 seconds. Added 0 classes and 0 folders.
[2019.11.19-17.02.57:340][  0]LogPakFile: Registered encryption key '00000000000000000000000000000000': 0 pak files mounted, 0 remain pending
[2019.11.19-17.02.57:347][  0]LogPakFile: Registered encryption key '00000000000000000000000000000000': 0 pak files mounted, 0 remain pending
[2019.11.19-17.02.57:363][  0]LogPakFile: Registered encryption key '00000000000000000000000000000000': 0 pak files mounted, 0 remain pending
[2019.11.19-17.02.57:369][  0]LogPakFile: Registered encryption key '00000000000000000000000000000000': 0 pak files mounted, 0 remain pending
[2019.11.19-17.02.57:375][  0]LogPakFile: Registered encryption key '00000000000000000000000000000000': 0 pak files mounted, 0 remain pending
[2019.11.19-17.02.57:380][  0]LogPakFile: Registered encryption key '00000000000000000000000000000000': 0 pak files mounted, 0 remain pending
[2019.11.19-17.02.57:387][  0]LogPakFile: Registered encryption key '00000000000000000000000000000000': 0 pak files mounted, 0 remain pending
[2019.11.19-17.02.57:393][  0]LogPakFile: Registered encryption key '00000000000000000000000000000000': 0 pak files mounted, 0 remain pending
[2019.11.19-17.02.57:399][  0]LogPakFile: Registered encryption key '00000000000000000000000000000000': 0 pak files mounted, 0 remain pending
[2019.11.19-17.02.57:406][  0]LogPakFile: Registered encryption key '00000000000000000000000000000000': 0 pak files mounted, 0 remain pending
[2019.11.19-17.02.57:412][  0]LogPakFile: Registered encryption key '00000000000000000000000000000000': 0 pak files mounted, 0 remain pending
[2019.11.19-17.02.57:418][  0]LogPakFile: Registered encryption key '00000000000000000000000000000000': 0 pak files mounted, 0 remain pending
[2019.11.19-17.02.57:425][  0]LogPakFile: Registered encryption key '00000000000000000000000000000000': 0 pak files mounted, 0 remain pending
[2019.11.19-17.02.57:431][  0]LogPakFile: Registered encryption key '00000000000000000000000000000000': 0 pak files mounted, 0 remain pending
[2019.11.19-17.02.57:437][  0]LogPakFile: Registered encryption key '00000000000000000000000000000000': 0 pak files mounted, 0 remain pending
[2019.11.19-17.02.57:443][  0]LogPakFile: Registered encryption key '00000000000000000000000000000000': 0 pak files mounted, 0 remain pending
[2019.11.19-17.02.57:472][  0]LogPakFile: Registered encryption key '00000000000000000000000000000000': 0 pak files mounted, 0 remain pending
[2019.11.19-17.02.57:478][  0]LogPakFile: Registered encryption key '00000000000000000000000000000000': 0 pak files mounted, 0 remain pending
[2019.11.19-17.02.57:485][  0]LogPakFile: Registered encryption key '00000000000000000000000000000000': 0 pak files mounted, 0 remain pending
[2019.11.19-17.02.57:491][  0]LogPakFile: Registered encryption key '00000000000000000000000000000000': 0 pak files mounted, 0 remain pending
[2019.11.19-17.02.57:497][  0]LogPakFile: Registered encryption key '00000000000000000000000000000000': 0 pak files mounted, 0 remain pending
[2019.11.19-17.02.57:502][  0]LogPakFile: Registered encryption key '00000000000000000000000000000000': 0 pak files mounted, 0 remain pending
[2019.11.19-17.02.57:508][  0]LogPakFile: Registered encryption key '00000000000000000000000000000000': 0 pak files mounted, 0 remain pending
[2019.11.19-17.02.57:515][  0]LogPakFile: Registered encryption key '00000000000000000000000000000000': 0 pak files mounted, 0 remain pending
[2019.11.19-17.02.57:521][  0]LogPakFile: Registered encryption key '00000000000000000000000000000000': 0 pak files mounted, 0 remain pending
[2019.11.19-17.02.57:527][  0]LogPakFile: Registered encryption key '00000000000000000000000000000000': 0 pak files mounted, 0 remain pending
[2019.11.19-17.02.57:810][  0]LogContentBrowser: Native class hierarchy updated for 'AddContentDialog' in 0.0003 seconds. Added 0 classes and 0 folders.
[2019.11.19-17.02.57:816][  0]LogContentBrowser: Native class hierarchy updated for 'SceneOutliner' in 0.0003 seconds. Added 1 classes and 2 folders.
[2019.11.19-17.02.57:838][  0]LogSlate: Took 0.000279 seconds to synchronously load lazily loaded font '../../../Engine/Content/Slate/Fonts/Roboto-Regular.ttf' (155K)
[2019.11.19-17.02.57:839][  0]LogSlate: Took 0.000221 seconds to synchronously load lazily loaded font '../../../Engine/Content/Slate/Fonts/Roboto-Bold.ttf' (160K)
[2019.11.19-17.02.57:853][  0]LogSlate: Took 0.008772 seconds to synchronously load lazily loaded font '../../../Engine/Content/Editor/Slate/Fonts/FontAwesome.ttf' (139K)
[2019.11.19-17.02.57:991][  0]LogRenderer: Reallocating scene render targets to support 1208x572 Format 10 NumSamples 1 (Frame:1).
[2019.11.19-17.02.58:157][  0]LogContentBrowser: Native class hierarchy updated for 'HierarchicalLODOutliner' in 0.0002 seconds. Added 0 classes and 0 folders.
[2019.11.19-17.02.58:157][  0]LogLoad: (Engine Initialization) Total time: 28.39 seconds
[2019.11.19-17.02.58:157][  0]LogLoad: (Engine Initialization) Total Blueprint compile time: 0.00 seconds
[2019.11.19-17.02.58:188][  0]LogAssetRegistry: Asset discovery search completed in 15.2262 seconds
[2019.11.19-17.02.58:191][  0]LogCollectionManager: Rebuilt the object cache for 0 collections in 0.000000 seconds (found 0 objects)
[2019.11.19-17.02.58:191][  0]LogCollectionManager: Fixed up redirectors for 0 collections in 0.000062 seconds (updated 0 objects)
[2019.11.19-17.02.58:192][  0]LogContentStreaming: Texture pool size now 1000 MB
[2019.11.19-17.02.58:227][  0]LogSlate: Took 0.010548 seconds to synchronously load lazily loaded font '../../../Engine/Content/Slate/Fonts/Roboto-Light.ttf' (167K)
[2019.11.19-17.02.59:192][ 89]LogSlate: Took 0.008722 seconds to synchronously load lazily loaded font '../../../Engine/Content/Slate/Fonts/Roboto-Light.ttf' (167K)
[2019.11.19-17.03.03:892][607]LogSlate: FSceneViewport::OnFocusLost() reason 0
[2019.11.19-17.03.04:013][619]LogAssetEditorManager: Opening Asset editor for Material /Game/BananaCollector/Materials/M_Banana.M_Banana
[2019.11.19-17.03.04:017][619]LogMaterial: Display: Missing cached shader map for material M_Banana, compiling. 
[2019.11.19-17.03.05:034][619]LogMaterial: Display: Missing cached shader map for material M_Banana, compiling. 
[2019.11.19-17.03.05:050][619]LogMaterial: Display: Missing cached shader map for material M_Banana, compiling. 
[2019.11.19-17.03.05:093][619]LogMaterial: Display: Missing cached shader map for material FMatExpressionPreview MaterialExpressionTextureSample_0, compiling. 
[2019.11.19-17.03.05:128][619]LogAssetEditorManager: Opening Asset editor for MaterialInstanceConstant /Game/BananaCollector/Materials/MI_Banana_Green.MI_Banana_Green
[2019.11.19-17.03.05:216][619]LogAssetEditorManager: Opening Asset editor for Material /Game/BananaCollector/Materials/M_Cube.M_Cube
[2019.11.19-17.03.05:220][619]LogMaterial: Display: Missing cached shader map for material M_Cube, compiling. 
[2019.11.19-17.03.05:304][619]LogMaterial: Display: Missing cached shader map for material M_Cube, compiling. 
[2019.11.19-17.03.05:321][619]LogMaterial: Display: Missing cached shader map for material M_Cube, compiling. 
[2019.11.19-17.03.05:365][619]LogMaterial: Display: Missing cached shader map for material FMatExpressionPreview MaterialExpressionConstant3Vector_0, compiling. 
[2019.11.19-17.03.05:372][619]LogMaterial: Display: Missing cached shader map for material FMatExpressionPreview MaterialExpressionConstant3Vector_1, compiling. 
[2019.11.19-17.03.05:440][619]LogSlate: Took 0.009911 seconds to synchronously load lazily loaded font '../../../Engine/Content/Slate/Fonts/Roboto-BoldCondensed.ttf' (158K)
[2019.11.19-17.03.05:470][619]LogRenderer: Reallocating scene render targets to support 1336x920 Format 10 NumSamples 1 (Frame:1).
[2019.11.19-17.03.05:899][650]LogSlate: Took 0.005757 seconds to synchronously load lazily loaded font '../../../Engine/Content/Slate/Fonts/Roboto-Italic.ttf' (157K)
[2019.11.19-17.03.13:658][495]LogSlate: Window 'M_Cube' being destroyed
[2019.11.19-17.03.46:764][342]LogAssetEditorManager: Opening Asset editor for Blueprint /Game/BananaCollector/Blueprints/BP_Player.BP_Player
[2019.11.19-17.03.47:635][342]LogContentBrowser: Native class hierarchy updated for 'BlueprintGraph' in 0.0006 seconds. Added 121 classes and 0 folders.
[2019.11.19-17.04.19:364][871]MaterialEditorStats: Base pass shader: 111 instructions
[2019.11.19-17.04.19:364][871]MaterialEditorStats: Base pass shader with Volumetric Lightmap: 185 instructions
[2019.11.19-17.04.19:364][871]MaterialEditorStats: Base pass vertex shader: 41 instructions
[2019.11.19-17.04.19:364][871]MaterialEditorStats: Texture samplers: 3/16
[2019.11.19-17.07.08:195][231]LogSlate: Took 0.073657 seconds to synchronously load lazily loaded font '../../../Engine/Content/Slate/Fonts/Roboto-BoldCondensedItalic.ttf' (160K)
[2019.11.19-17.12.58:135][  6]LogUObjectHash: Compacting FUObjectHashTables data took   3.58ms
[2019.11.19-17.12.58:135][  6]LogFileHelpers: Editor autosave (incl. sublevels) for '/Game/BananaCollector/Maps/TutorialMap' took 0.045
[2019.11.19-17.12.58:137][  6]OBJ SavePackage: Generating thumbnails for [1] asset(s) in package [/Game/BananaCollector/Blueprints/BP_Player] ([1] browsable assets)...
[2019.11.19-17.12.58:160][  6]OBJ SavePackage:     Rendered thumbnail for [Blueprint /Game/BananaCollector/Blueprints/BP_Player.BP_Player]
[2019.11.19-17.12.58:160][  6]OBJ SavePackage: Finished generating thumbnails for package [/Game/BananaCollector/Blueprints/BP_Player]
[2019.11.19-17.12.58:209][  6]LogSavePackage: Moving 'D:/comp280-worksheet-3/BananaCollectorStarter/BananaCollectorStarter 4.22/Saved/BP_Player_Auto1D77B03D14EBDF2E65A19999709BFCB11.tmp' to 'D:/comp280-worksheet-3/BananaCollectorStarter/BananaCollectorStarter 4.22/Saved/Autosaves/Game/BananaCollector/Blueprints/BP_Player_Auto1.uasset'
[2019.11.19-17.12.58:209][  6]LogFileHelpers: Auto-saving content packages took 0.073
[2019.11.19-17.20.54:470][319]LogSlate: Window 'Tutorials' being destroyed
[2019.11.19-17.22.58:115][  3]LogUObjectHash: Compacting FUObjectHashTables data took   3.17ms
[2019.11.19-17.22.58:115][  3]LogFileHelpers: Editor autosave (incl. sublevels) for '/Game/BananaCollector/Maps/TutorialMap' took 0.039
[2019.11.19-17.22.58:116][  3]OBJ SavePackage: Generating thumbnails for [1] asset(s) in package [/Game/BananaCollector/Blueprints/BP_Player] ([1] browsable assets)...
[2019.11.19-17.22.58:145][  3]OBJ SavePackage:     Rendered thumbnail for [Blueprint /Game/BananaCollector/Blueprints/BP_Player.BP_Player]
[2019.11.19-17.22.58:146][  3]OBJ SavePackage: Finished generating thumbnails for package [/Game/BananaCollector/Blueprints/BP_Player]
[2019.11.19-17.22.58:191][  3]LogSavePackage: Moving 'D:/comp280-worksheet-3/BananaCollectorStarter/BananaCollectorStarter 4.22/Saved/BP_Player_Auto2561929B84E1F42CC96E0FA9C6E6C6D8E.tmp' to 'D:/comp280-worksheet-3/BananaCollectorStarter/BananaCollectorStarter 4.22/Saved/Autosaves/Game/BananaCollector/Blueprints/BP_Player_Auto2.uasset'
[2019.11.19-17.22.58:192][  3]LogFileHelpers: Auto-saving content packages took 0.076
[2019.11.19-17.28.47:143][390]BlueprintLog: New page: Compile BP_Player
[2019.11.19-17.28.47:312][390]LogUObjectHash: Compacting FUObjectHashTables data took   3.11ms
[2019.11.19-17.32.34:279][251]LogSavePackage: Moving 'D:/comp280-worksheet-3/BananaCollectorStarter/BananaCollectorStarter 4.22/Saved/BP_PlayerB876CC87438714DDECA7D787455FA34C.tmp' to 'D:/comp280-worksheet-3/BananaCollectorStarter/BananaCollectorStarter 4.22/Content/BananaCollector/Blueprints/BP_Player.uasset'
[2019.11.19-17.32.36:015][456]BlueprintLog: New page: Compile BP_Player
[2019.11.19-17.32.36:184][456]LogUObjectHash: Compacting FUObjectHashTables data took   3.11ms
[2019.11.19-17.32.41:143][ 35]LogSavePackage: Moving 'D:/comp280-worksheet-3/BananaCollectorStarter/BananaCollectorStarter 4.22/Saved/BP_Player0A6EAFC14EE5509949BE1D88137C18B5.tmp' to 'D:/comp280-worksheet-3/BananaCollectorStarter/BananaCollectorStarter 4.22/Content/BananaCollector/Blueprints/BP_Player.uasset'
[2019.11.19-17.32.46:184][636]LogTemp: Repeating last play command: Selected Viewport
[2019.11.19-17.32.46:199][636]LogBlueprintUserMessages: Early PlayInEditor Detection: Level '/Game/BananaCollector/Maps/TutorialMap.TutorialMap:PersistentLevel' has LevelScriptBlueprint '/Game/BananaCollector/Maps/TutorialMap.TutorialMap:PersistentLevel.TutorialMap' with GeneratedClass '/Game/BananaCollector/Maps/TutorialMap.TutorialMap_C' with ClassGeneratedBy '/Game/BananaCollector/Maps/TutorialMap.TutorialMap:PersistentLevel.TutorialMap'
[2019.11.19-17.32.46:200][636]LogPlayLevel: PlayLevel: No blueprints needed recompiling
[2019.11.19-17.32.46:200][636]PIE: New page: PIE session: TutorialMap (Nov 19, 2019, 5:32:46 PM)
[2019.11.19-17.32.46:213][636]LogPlayLevel: Creating play world package: /Game/BananaCollector/Maps/UEDPIE_0_TutorialMap
[2019.11.19-17.32.46:231][636]LogPlayLevel: PIE: StaticDuplicateObject took: (0.017847s)
[2019.11.19-17.32.46:231][636]LogAIModule: Creating AISystem for world TutorialMap
[2019.11.19-17.32.46:232][636]LogPlayLevel: PIE: World Init took: (0.000720s)
[2019.11.19-17.32.46:232][636]LogPlayLevel: PIE: Created PIE world by copying editor world from /Game/BananaCollector/Maps/TutorialMap.TutorialMap to /Game/BananaCollector/Maps/UEDPIE_0_TutorialMap.TutorialMap (0.018834s)
[2019.11.19-17.32.46:263][636]LogUObjectHash: Compacting FUObjectHashTables data took   2.79ms
[2019.11.19-17.32.46:280][636]LogInit: XAudio2 using 'Speakers / Headphones (Realtek Audio)' : 2 channels at 48 kHz using 32 bits per sample (channel mask 0x3)
[2019.11.19-17.32.46:369][636]LogInit: FAudioDevice initialized.
[2019.11.19-17.32.46:408][636]LogLoad: Game class is 'GM_Tutorial_C'
[2019.11.19-17.32.46:411][636]LogWorld: Bringing World /Game/BananaCollector/Maps/UEDPIE_0_TutorialMap.TutorialMap up for play (max tick rate 0) at 2019.11.19-17.32.46
[2019.11.19-17.32.46:411][636]LogWorld: Bringing up level for play took: 0.001630
[2019.11.19-17.32.46:429][636]LogBlueprintActionDatabase: Requesting refresh due to module change: Voice (loaded)
[2019.11.19-17.32.46:435][636]LogBlueprintActionDatabase: Requesting refresh due to module change: MovieSceneCapture (loaded)
[2019.11.19-17.32.46:435][636]LogContentBrowser: Native class hierarchy updated for 'MovieSceneCapture' in 0.0003 seconds. Added 20 classes and 0 folders.
[2019.11.19-17.32.46:436][636]PIE: Play in editor start time for /Game/BananaCollector/Maps/UEDPIE_0_TutorialMap -0.566
[2019.11.19-17.32.46:437][636]LogBlueprintUserMessages: Late PlayInEditor Detection: Level '/Game/BananaCollector/Maps/TutorialMap.TutorialMap:PersistentLevel' has LevelScriptBlueprint '/Game/BananaCollector/Maps/TutorialMap.TutorialMap:PersistentLevel.TutorialMap' with GeneratedClass '/Game/BananaCollector/Maps/TutorialMap.TutorialMap_C' with ClassGeneratedBy '/Game/BananaCollector/Maps/TutorialMap.TutorialMap:PersistentLevel.TutorialMap'
[2019.11.19-17.33.01:966][432]LogBlueprintUserMessages: Early EndPlayMap Detection: Level '/Game/BananaCollector/Maps/TutorialMap.TutorialMap:PersistentLevel' has LevelScriptBlueprint '/Game/BananaCollector/Maps/TutorialMap.TutorialMap:PersistentLevel.TutorialMap' with GeneratedClass '/Game/BananaCollector/Maps/TutorialMap.TutorialMap_C' with ClassGeneratedBy '/Game/BananaCollector/Maps/TutorialMap.TutorialMap:PersistentLevel.TutorialMap'
[2019.11.19-17.33.01:966][432]LogSlate: Updating window title bar state: overlay mode, drag disabled, window buttons hidden, title bar hidden
[2019.11.19-17.33.01:999][432]LogPlayLevel: Display: Shutting down PIE online subsystems
[2019.11.19-17.33.02:000][432]LogBlueprintUserMessages: Late EndPlayMap Detection: Level '/Game/BananaCollector/Maps/TutorialMap.TutorialMap:PersistentLevel' has LevelScriptBlueprint '/Game/BananaCollector/Maps/TutorialMap.TutorialMap:PersistentLevel.TutorialMap' with GeneratedClass '/Game/BananaCollector/Maps/TutorialMap.TutorialMap_C' with ClassGeneratedBy '/Game/BananaCollector/Maps/TutorialMap.TutorialMap:PersistentLevel.TutorialMap'
[2019.11.19-17.33.02:047][432]LogSlate: Updating window title bar state: overlay mode, drag disabled, window buttons hidden, title bar hidden
[2019.11.19-17.33.02:074][432]LogUObjectHash: Compacting FUObjectHashTables data took   5.10ms
[2019.11.19-17.33.02:096][433]LogPlayLevel: Display: Destroying online subsystem :Context_9
[2019.11.19-17.33.05:740][852]LogSlate: FSceneViewport::OnFocusLost() reason 0
[2019.11.19-17.34.37:182][678]LogSavePackage: Moving 'D:/comp280-worksheet-3/BananaCollectorStarter/BananaCollectorStarter 4.22/Saved/BP_PlayerA7BD0E514FFD8AE275EB8EB067017174.tmp' to 'D:/comp280-worksheet-3/BananaCollectorStarter/BananaCollectorStarter 4.22/Content/BananaCollector/Blueprints/BP_Player.uasset'
[2019.11.19-17.34.37:667][734]BlueprintLog: New page: Compile BP_Player
[2019.11.19-17.34.37:880][734]LogUObjectHash: Compacting FUObjectHashTables data took   3.80ms
[2019.11.19-17.34.43:617][399]LogTemp: Repeating last play command: Selected Viewport
[2019.11.19-17.34.43:632][399]LogBlueprintUserMessages: Early PlayInEditor Detection: Level '/Game/BananaCollector/Maps/TutorialMap.TutorialMap:PersistentLevel' has LevelScriptBlueprint '/Game/BananaCollector/Maps/TutorialMap.TutorialMap:PersistentLevel.TutorialMap' with GeneratedClass '/Game/BananaCollector/Maps/TutorialMap.TutorialMap_C' with ClassGeneratedBy '/Game/BananaCollector/Maps/TutorialMap.TutorialMap:PersistentLevel.TutorialMap'
[2019.11.19-17.34.43:633][399]LogPlayLevel: PlayLevel: No blueprints needed recompiling
[2019.11.19-17.34.43:633][399]PIE: New page: PIE session: TutorialMap (Nov 19, 2019, 5:34:43 PM)
[2019.11.19-17.34.43:633][399]LogPlayLevel: Creating play world package: /Game/BananaCollector/Maps/UEDPIE_0_TutorialMap
[2019.11.19-17.34.43:638][399]LogPlayLevel: PIE: StaticDuplicateObject took: (0.004191s)
[2019.11.19-17.34.43:638][399]LogAIModule: Creating AISystem for world TutorialMap
[2019.11.19-17.34.43:638][399]LogPlayLevel: PIE: World Init took: (0.000641s)
[2019.11.19-17.34.43:638][399]LogPlayLevel: PIE: Created PIE world by copying editor world from /Game/BananaCollector/Maps/TutorialMap.TutorialMap to /Game/BananaCollector/Maps/UEDPIE_0_TutorialMap.TutorialMap (0.004980s)
[2019.11.19-17.34.43:678][399]LogUObjectHash: Compacting FUObjectHashTables data took   3.34ms
[2019.11.19-17.34.43:693][399]LogInit: XAudio2 using 'Speakers / Headphones (Realtek Audio)' : 2 channels at 48 kHz using 32 bits per sample (channel mask 0x3)
[2019.11.19-17.34.43:782][399]LogInit: FAudioDevice initialized.
[2019.11.19-17.34.43:824][399]LogLoad: Game class is 'GM_Tutorial_C'
[2019.11.19-17.34.43:826][399]LogWorld: Bringing World /Game/BananaCollector/Maps/UEDPIE_0_TutorialMap.TutorialMap up for play (max tick rate 0) at 2019.11.19-17.34.43
[2019.11.19-17.34.43:826][399]LogWorld: Bringing up level for play took: 0.001399
[2019.11.19-17.34.43:839][399]PIE: Play in editor start time for /Game/BananaCollector/Maps/UEDPIE_0_TutorialMap 0.836
[2019.11.19-17.34.43:839][399]LogBlueprintUserMessages: Late PlayInEditor Detection: Level '/Game/BananaCollector/Maps/TutorialMap.TutorialMap:PersistentLevel' has LevelScriptBlueprint '/Game/BananaCollector/Maps/TutorialMap.TutorialMap:PersistentLevel.TutorialMap' with GeneratedClass '/Game/BananaCollector/Maps/TutorialMap.TutorialMap_C' with ClassGeneratedBy '/Game/BananaCollector/Maps/TutorialMap.TutorialMap:PersistentLevel.TutorialMap'
[2019.11.19-17.34.58:374][121]LogBlueprintUserMessages: Early EndPlayMap Detection: Level '/Game/BananaCollector/Maps/TutorialMap.TutorialMap:PersistentLevel' has LevelScriptBlueprint '/Game/BananaCollector/Maps/TutorialMap.TutorialMap:PersistentLevel.TutorialMap' with GeneratedClass '/Game/BananaCollector/Maps/TutorialMap.TutorialMap_C' with ClassGeneratedBy '/Game/BananaCollector/Maps/TutorialMap.TutorialMap:PersistentLevel.TutorialMap'
[2019.11.19-17.34.58:374][121]LogSlate: Updating window title bar state: overlay mode, drag disabled, window buttons hidden, title bar hidden
[2019.11.19-17.34.58:403][121]LogPlayLevel: Display: Shutting down PIE online subsystems
[2019.11.19-17.34.58:403][121]LogBlueprintUserMessages: Late EndPlayMap Detection: Level '/Game/BananaCollector/Maps/TutorialMap.TutorialMap:PersistentLevel' has LevelScriptBlueprint '/Game/BananaCollector/Maps/TutorialMap.TutorialMap:PersistentLevel.TutorialMap' with GeneratedClass '/Game/BananaCollector/Maps/TutorialMap.TutorialMap_C' with ClassGeneratedBy '/Game/BananaCollector/Maps/TutorialMap.TutorialMap:PersistentLevel.TutorialMap'
[2019.11.19-17.34.58:475][121]LogSlate: Updating window title bar state: overlay mode, drag disabled, window buttons hidden, title bar hidden
[2019.11.19-17.34.58:480][121]LogUObjectHash: Compacting FUObjectHashTables data took   2.49ms
[2019.11.19-17.34.58:500][122]LogPlayLevel: Display: Destroying online subsystem :Context_10
